
  Program SCF

  Reading input file...
  Reading cartesian coordinate file...
  Reading basis file...

  Cartesian coordiante file: ./data/water.xyz
  Basis set file: ./bases/STO-2G.dat
  Charge =  0
  Energy convergence criterium =   1.E-10
  Maximum number of iterations =  100

  Calculating molecular integrals...
  Starting the FMM algorithm ... 
  Random seed:  638
        0 Energia de Hartree-Fock =    34.8521
        1 Energia de Hartree-Fock =   -68.4247 ±0.1033E+03
        2 Energia de Hartree-Fock =   -71.6954 ±0.3271E+01
        3 Energia de Hartree-Fock =   -72.7989 ±0.1103E+01
        4 Energia de Hartree-Fock =   -72.9570 ±0.1581E+00
        5 Energia de Hartree-Fock =   -72.9781 ±0.2117E-01
        6 Energia de Hartree-Fock =   -72.9808 ±0.2699E-02
        7 Energia de Hartree-Fock =   -72.9812 ±0.3430E-03
        8 Energia de Hartree-Fock =   -72.9812 ±0.4365E-04
        9 Energia de Hartree-Fock =   -72.9812 ±0.5594E-05
       10 Energia de Hartree-Fock =   -72.9812 ±0.7255E-06
       11 Energia de Hartree-Fock =   -72.9812 ±0.9600E-07
       12 Energia de Hartree-Fock =   -72.9812 ±0.1311E-07
       13 Energia de Hartree-Fock =   -72.9812 ±0.1876E-08
       14 Energia de Hartree-Fock =   -72.9812 ±0.2858E-09
       15 Energia de Hartree-Fock =   -72.9812 ±0.4695E-10

------------------------------------------------------------------------
     HF Energy at initial point =  0.3485213310E+02


   1 HF Energy at current point =  0.3485213310E+02
     HF Energy at trial point   = -0.6842473947E+02
                      Variation =    103.2768725785

   0 FIXED E = -0.6842473947E+02 PRed. =  0.1147206560E+03 ARed. =   0.1032768726E+03

   2 HF Energy at current point = -0.5794702134E+02
     HF Energy at trial point   = -0.7102274263E+02
                      Variation =     13.0757212892

   0 FIXED E = -0.7102274263E+02 PRed. =  0.1721075904E+02 ARed. =   0.1307572129E+02

   3 HF Energy at current point =  0.4515636025E+02
     HF Energy at trial point   = -0.7138642869E+02
                      Variation =    116.5427889378

   0 FIXED E = -0.7138642869E+02 PRed. =  0.1111037313E+03 ARed. =   0.1165427889E+03

   4 HF Energy at current point = -0.6211505998E+02
     HF Energy at trial point   = -0.7187832779E+02
                      Variation =      9.7632678078

   0 FIXED E = -0.7187832779E+02 PRed. =  0.1178980777E+02 ARed. =   0.9763267808E+01

   5 HF Energy at current point =  0.5172911902E+02
     HF Energy at trial point   = -0.7272129667E+02
                      Variation =    124.4504156910

   0 FIXED E = -0.7272129667E+02 PRed. =  0.1164906169E+03 ARed. =   0.1244504157E+03

   6 HF Energy at current point = -0.6621925956E+02
     HF Energy at trial point   = -0.7279839219E+02
                      Variation =      6.5791326356

   0 FIXED E = -0.7279839219E+02 PRed. =  0.6627953006E+01 ARed. =   0.6579132636E+01

   7 HF Energy at current point =  0.5046336271E+02
     HF Energy at trial point   = -0.7215520609E+02
                      Variation =    122.6185688078

   0 FIXED E = -0.7215520609E+02 PRed. =  0.1156472087E+03 ARed. =   0.1226185688E+03

   8 HF Energy at current point = -0.6247610519E+02
     HF Energy at trial point   = -0.7224351340E+02
                      Variation =      9.7674082128

   0 FIXED E = -0.7224351340E+02 PRed. =  0.1113685868E+02 ARed. =   0.9767408213E+01

   9 HF Energy at current point =  0.5111990976E+02
     HF Energy at trial point   = -0.7254631657E+02
                      Variation =    123.6662263265

   0 FIXED E = -0.7254631657E+02 PRed. =  0.1166377391E+03 ARed. =   0.1236662263E+03

  10 HF Energy at current point = -0.6633650031E+02
     HF Energy at trial point   = -0.7288882437E+02
                      Variation =      6.5523240593

   0 FIXED E = -0.7288882437E+02 PRed. =  0.6063715508E+01 ARed. =   0.6552324059E+01

  11 HF Energy at current point =  0.5399417243E+02
     HF Energy at trial point   = -0.7258174197E+02
                      Variation =    126.5759143928

   0 FIXED E = -0.7258174197E+02 PRed. =  0.1190708163E+03 ARed. =   0.1265759144E+03

  12 HF Energy at current point = -0.6494410241E+02
     HF Energy at trial point   = -0.7290483921E+02
                      Variation =      7.9607367964

   0 FIXED E = -0.7290483921E+02 PRed. =  0.7518697548E+01 ARed. =   0.7960736796E+01

  13 HF Energy at current point =  0.5359852891E+02
     HF Energy at trial point   = -0.7222258103E+02
                      Variation =    125.8211099340

   0 FIXED E = -0.7222258103E+02 PRed. =  0.1180970935E+03 ARed. =   0.1258211099E+03

  14 HF Energy at current point = -0.6584392957E+02
     HF Energy at trial point   = -0.7289635827E+02
                      Variation =      7.0524286989

   0 FIXED E = -0.7289635827E+02 PRed. =  0.6589341419E+01 ARed. =   0.7052428699E+01

  15 HF Energy at current point =  0.5546490373E+02
     HF Energy at trial point   = -0.7200303316E+02
                      Variation =    127.4679368905

   0 FIXED E = -0.7200303316E+02 PRed. =  0.1209589126E+03 ARed. =   0.1274679369E+03

  16 HF Energy at current point = -0.6447361610E+02
     HF Energy at trial point   = -0.7284428959E+02
                      Variation =      8.3706734907

   0 FIXED E = -0.7284428959E+02 PRed. =  0.8184899971E+01 ARed. =   0.8370673491E+01

  17 HF Energy at current point =  0.5292239039E+02
     HF Energy at trial point   = -0.7226823175E+02
                      Variation =    125.1906221385

   0 FIXED E = -0.7226823175E+02 PRed. =  0.1173305198E+03 ARed. =   0.1251906221E+03

  18 HF Energy at current point = -0.6587655852E+02
     HF Energy at trial point   = -0.7290520238E+02
                      Variation =      7.0286438610

   0 FIXED E = -0.7290520238E+02 PRed. =  0.6538099951E+01 ARed. =   0.7028643861E+01

  19 HF Energy at current point =  0.5453268362E+02
     HF Energy at trial point   = -0.7186200729E+02
                      Variation =    126.3946909059

   0 FIXED E = -0.7186200729E+02 PRed. =  0.1203415873E+03 ARed. =   0.1263946909E+03

  20 HF Energy at current point = -0.6423016711E+02
     HF Energy at trial point   = -0.7278047960E+02
                      Variation =      8.5503124935

   0 FIXED E = -0.7278047960E+02 PRed. =  0.8551603269E+01 ARed. =   0.8550312493E+01

  21 HF Energy at current point =  0.5303502381E+02
     HF Energy at trial point   = -0.7240994128E+02
                      Variation =    125.4449650952

   0 FIXED E = -0.7240994128E+02 PRed. =  0.1172011467E+03 ARed. =   0.1254449651E+03

  22 HF Energy at current point = -0.6612688565E+02
     HF Energy at trial point   = -0.7291496139E+02
                      Variation =      6.7880757425

   0 FIXED E = -0.7291496139E+02 PRed. =  0.6296904167E+01 ARed. =   0.6788075742E+01

  23 HF Energy at current point =  0.5403468265E+02
     HF Energy at trial point   = -0.7191139942E+02
                      Variation =    125.9460820758

   0 FIXED E = -0.7191139942E+02 PRed. =  0.1197923688E+03 ARed. =   0.1259460821E+03

  24 HF Energy at current point = -0.6421173314E+02
     HF Energy at trial point   = -0.7278596593E+02
                      Variation =      8.5742327907

   0 FIXED E = -0.7278596593E+02 PRed. =  0.8559153272E+01 ARed. =   0.8574232791E+01

  25 HF Energy at current point =  0.5316064471E+02
     HF Energy at trial point   = -0.7251534393E+02
                      Variation =    125.6759886421

   0 FIXED E = -0.7251534393E+02 PRed. =  0.1171407436E+03 ARed. =   0.1256759886E+03

  26 HF Energy at current point = -0.6634031643E+02
     HF Energy at trial point   = -0.7291872543E+02
                      Variation =      6.5784090048

   0 FIXED E = -0.7291872543E+02 PRed. =  0.6104558934E+01 ARed. =   0.6578409005E+01

  27 HF Energy at current point =  0.5377600021E+02
     HF Energy at trial point   = -0.7198642959E+02
                      Variation =    125.7624298046

   0 FIXED E = -0.7198642959E+02 PRed. =  0.1193980385E+03 ARed. =   0.1257624298E+03

  28 HF Energy at current point = -0.6425620356E+02
     HF Energy at trial point   = -0.7280487012E+02
                      Variation =      8.5486665578

   0 FIXED E = -0.7280487012E+02 PRed. =  0.8480357057E+01 ARed. =   0.8548666558E+01

  29 HF Energy at current point =  0.5306780777E+02
     HF Energy at trial point   = -0.7255981961E+02
                      Variation =    125.6276273886

   0 FIXED E = -0.7255981961E+02 PRed. =  0.1169670442E+03 ARed. =   0.1256276274E+03

  30 HF Energy at current point = -0.6644790223E+02
     HF Energy at trial point   = -0.7291827867E+02
                      Variation =      6.4703764392

   0 FIXED E = -0.7291827867E+02 PRed. =  0.6015277177E+01 ARed. =   0.6470376439E+01

  31 HF Energy at current point =  0.5350762506E+02
     HF Energy at trial point   = -0.7202770608E+02
                      Variation =    125.5353311405

   0 FIXED E = -0.7202770608E+02 PRed. =  0.1190458124E+03 ARed. =   0.1255353311E+03

  32 HF Energy at current point = -0.6427509583E+02
     HF Energy at trial point   = -0.7281405259E+02
                      Variation =      8.5389567640

   0 FIXED E = -0.7281405259E+02 PRed. =  0.8443074170E+01 ARed. =   0.8538956764E+01

  33 HF Energy at current point =  0.5278436723E+02
     HF Energy at trial point   = -0.7256654049E+02
                      Variation =    125.3509077128

   0 FIXED E = -0.7256654049E+02 PRed. =  0.1166776055E+03 ARed. =   0.1253509077E+03

  34 HF Energy at current point = -0.6648339581E+02
     HF Energy at trial point   = -0.7291769982E+02
                      Variation =      6.4343040108

   0 FIXED E = -0.7291769982E+02 PRed. =  0.5986339389E+01 ARed. =   0.6434304011E+01

  35 HF Energy at current point =  0.5308437201E+02
     HF Energy at trial point   = -0.7203827250E+02
                      Variation =    125.1226445104

   0 FIXED E = -0.7203827250E+02 PRed. =  0.1185993640E+03 ARed. =   0.1251226445E+03

  36 HF Energy at current point = -0.6425912799E+02
     HF Energy at trial point   = -0.7281476470E+02
                      Variation =      8.5556367087

   0 FIXED E = -0.7281476470E+02 PRed. =  0.8455758687E+01 ARed. =   0.8555636709E+01

  37 HF Energy at current point =  0.5233174676E+02
     HF Energy at trial point   = -0.7255158817E+02
                      Variation =    124.8833349322

   0 FIXED E = -0.7255158817E+02 PRed. =  0.1162673823E+03 ARed. =   0.1248833349E+03

  38 HF Energy at current point = -0.6647996173E+02
     HF Energy at trial point   = -0.7291807309E+02
                      Variation =      6.4381113647

   0 FIXED E = -0.7291807309E+02 PRed. =  0.5987102914E+01 ARed. =   0.6438111365E+01

  39 HF Energy at current point =  0.5233282116E+02
     HF Energy at trial point   = -0.7202840959E+02
                      Variation =    124.3612307472

   0 FIXED E = -0.7202840959E+02 PRed. =  0.1178802179E+03 ARed. =   0.1243612307E+03

  40 HF Energy at current point = -0.6421249355E+02
     HF Energy at trial point   = -0.7280967009E+02
                      Variation =      8.5971765333

   0 FIXED E = -0.7280967009E+02 PRed. =  0.8508606256E+01 ARed. =   0.8597176533E+01

  41 HF Energy at current point =  0.5145929761E+02
     HF Energy at trial point   = -0.7250925380E+02
                      Variation =    123.9685514108

   0 FIXED E = -0.7250925380E+02 PRed. =  0.1155294737E+03 ARed. =   0.1239685514E+03

  42 HF Energy at current point = -0.6643090093E+02
     HF Energy at trial point   = -0.7291842670E+02
                      Variation =      6.4875257612

   0 FIXED E = -0.7291842670E+02 PRed. =  0.6026024311E+01 ARed. =   0.6487525761E+01

  43 HF Energy at current point =  0.5120165445E+02
     HF Energy at trial point   = -0.7195556484E+02
                      Variation =    123.1572192922

   0 FIXED E = -0.7195556484E+02 PRed. =  0.1169298687E+03 ARed. =   0.1231572193E+03

  44 HF Energy at current point = -0.6407478826E+02
     HF Energy at trial point   = -0.7278470553E+02
                      Variation =      8.7099172733

   0 FIXED E = -0.7278470553E+02 PRed. =  0.8683113191E+01 ARed. =   0.8709917273E+01

  45 HF Energy at current point =  0.5026377458E+02
     HF Energy at trial point   = -0.7241796341E+02
                      Variation =    122.6817379870

   0 FIXED E = -0.7241796341E+02 PRed. =  0.1145717570E+03 ARed. =   0.1226817380E+03

  46 HF Energy at current point = -0.6630406941E+02
     HF Energy at trial point   = -0.7291613802E+02
                      Variation =      6.6120686140

   0 FIXED E = -0.7291613802E+02 PRed. =  0.6139392589E+01 ARed. =   0.6612068614E+01

  47 HF Energy at current point =  0.4976318382E+02
     HF Energy at trial point   = -0.7182250417E+02
                      Variation =    121.5856879901

   0 FIXED E = -0.7182250417E+02 PRed. =  0.1157964940E+03 ARed. =   0.1215856880E+03

  48 HF Energy at current point = -0.6383670605E+02
     HF Energy at trial point   = -0.7273460922E+02
                      Variation =      8.8979031648

   0 FIXED E = -0.7273460922E+02 PRed. =  0.8990174021E+01 ARed. =   0.8897903165E+01

  49 HF Energy at current point =  0.4897132228E+02
     HF Energy at trial point   = -0.7226939074E+02
                      Variation =    121.2407130246

   0 FIXED E = -0.7226939074E+02 PRed. =  0.1135932212E+03 ARed. =   0.1212407130E+03

  50 HF Energy at current point = -0.6609868147E+02
     HF Energy at trial point   = -0.7290771681E+02
                      Variation =      6.8090353393

   0 FIXED E = -0.7290771681E+02 PRed. =  0.6346469663E+01 ARed. =   0.6809035339E+01

  51 HF Energy at current point =  0.4801079919E+02
     HF Energy at trial point   = -0.7165814975E+02
                      Variation =    119.6689489341

   0 FIXED E = -0.7165814975E+02 PRed. =  0.1144128167E+03 ARed. =   0.1196689489E+03

  52 HF Energy at current point = -0.6353305997E+02
     HF Energy at trial point   = -0.7266227328E+02
                      Variation =      9.1292133088

   0 FIXED E = -0.7266227328E+02 PRed. =  0.9380733701E+01 ARed. =   0.9129213309E+01

  53 HF Energy at current point =  0.4734486161E+02
     HF Energy at trial point   = -0.7205596968E+02
                      Variation =    119.4008312886

   0 FIXED E = -0.7205596968E+02 PRed. =  0.1124234806E+03 ARed. =   0.1194008313E+03

  54 HF Energy at current point = -0.6581133075E+02
     HF Energy at trial point   = -0.7288664582E+02
                      Variation =      7.0753150681

   0 FIXED E = -0.7288664582E+02 PRed. =  0.6669708208E+01 ARed. =   0.7075315068E+01

  55 HF Energy at current point =  0.4590761895E+02
     HF Energy at trial point   = -0.7145757722E+02
                      Variation =    117.3651961695

   0 FIXED E = -0.7145757722E+02 PRed. =  0.1127813113E+03 ARed. =   0.1173651962E+03

  56 HF Energy at current point = -0.6315422846E+02
     HF Energy at trial point   = -0.7255951669E+02
                      Variation =      9.4052882301

   0 FIXED E = -0.7255951669E+02 PRed. =  0.9864553893E+01 ARed. =   0.9405288230E+01

  57 HF Energy at current point =  0.4547903109E+02
     HF Energy at trial point   = -0.7177081404E+02
                      Variation =    117.2498451213

   0 FIXED E = -0.7177081404E+02 PRed. =  0.1111652998E+03 ARed. =   0.1172498451E+03

  58 HF Energy at current point = -0.6542998408E+02
     HF Energy at trial point   = -0.7283732708E+02
                      Variation =      7.4073429965

   0 FIXED E = -0.7283732708E+02 PRed. =  0.7144020841E+01 ARed. =   0.7407342997E+01

  59 HF Energy at current point =  0.4356334075E+02
     HF Energy at trial point   = -0.7122704637E+02
                      Variation =    114.7903871172

   0 FIXED E = -0.7122704637E+02 PRed. =  0.1110152216E+03 ARed. =   0.1147903871E+03

  60 HF Energy at current point = -0.6271525870E+02
     HF Energy at trial point   = -0.7242291333E+02
                      Variation =      9.7076546303

   0 FIXED E = -0.7242291333E+02 PRed. =  0.1042414943E+02 ARed. =   0.9707654630E+01

  61 HF Energy at current point =  0.4349731118E+02
     HF Energy at trial point   = -0.7142390587E+02
                      Variation =    114.9212170500

   0 FIXED E = -0.7142390587E+02 PRed. =  0.1099184657E+03 ARed. =   0.1149212170E+03

  62 HF Energy at current point = -0.6493719553E+02
     HF Energy at trial point   = -0.7272687330E+02
                      Variation =      7.7896777694

   0 FIXED E = -0.7272687330E+02 PRed. =  0.7805237782E+01 ARed. =   0.7789677769E+01

  63 HF Energy at current point =  0.4102610747E+02
     HF Energy at trial point   = -0.7099669494E+02
                      Variation =    112.0228024111

   0 FIXED E = -0.7099669494E+02 PRed. =  0.1091211615E+03 ARed. =   0.1120228024E+03

  64 HF Energy at current point = -0.6226822398E+02
     HF Energy at trial point   = -0.7226836725E+02
                      Variation =     10.0001432648

   0 FIXED E = -0.7226836725E+02 PRed. =  0.1099434428E+02 ARed. =   0.1000014326E+02

  65 HF Energy at current point =  0.4155352758E+02
     HF Energy at trial point   = -0.7105688947E+02
                      Variation =    112.6104170544

   0 FIXED E = -0.7105688947E+02 PRed. =  0.1087666644E+03 ARed. =   0.1126104171E+03

  66 HF Energy at current point = -0.6435918727E+02
     HF Energy at trial point   = -0.7251924725E+02
                      Variation =      8.1600599818

   0 FIXED E = -0.7251924725E+02 PRed. =  0.8616183051E+01 ARed. =   0.8160059982E+01

  67 HF Energy at current point =  0.3830380203E+02
     HF Energy at trial point   = -0.7080583416E+02
                      Variation =    109.1096361934

   0 FIXED E = -0.7080583416E+02 PRed. =  0.1070110329E+03 ARed. =   0.1091096362E+03

  68 HF Energy at current point = -0.6188656080E+02
     HF Energy at trial point   = -0.7213054948E+02
                      Variation =     10.2439886799

   0 FIXED E = -0.7213054948E+02 PRed. =  0.1147733293E+02 ARed. =   0.1024398868E+02

  69 HF Energy at current point =  0.3977634285E+02
     HF Energy at trial point   = -0.7072629018E+02
                      Variation =    110.5026330328

   0 FIXED E = -0.7072629018E+02 PRed. =  0.1077445639E+03 ARed. =   0.1105026330E+03

  70 HF Energy at current point = -0.6378424249E+02
     HF Energy at trial point   = -0.7220602172E+02
                      Variation =      8.4217792265

   0 FIXED E = -0.7220602172E+02 PRed. =  0.9444980345E+01 ARed. =   0.8421779226E+01

  71 HF Energy at current point =  0.3539602074E+02
     HF Energy at trial point   = -0.7068163997E+02
                      Variation =    106.0776607094

   0 FIXED E = -0.7068163997E+02 PRed. =  0.1045520641E+03 ARed. =   0.1060776607E+03

  72 HF Energy at current point = -0.6163317611E+02
     HF Energy at trial point   = -0.7204409200E+02
                      Variation =     10.4109158888

   0 FIXED E = -0.7204409200E+02 PRed. =  0.1177047574E+02 ARed. =   0.1041091589E+02

  73 HF Energy at current point =  0.3813656656E+02
     HF Energy at trial point   = -0.7047787210E+02
                      Variation =    108.6144386558

   0 FIXED E = -0.7047787210E+02 PRed. =  0.1067416833E+03 ARed. =   0.1086144387E+03

  74 HF Energy at current point = -0.6332152536E+02
     HF Energy at trial point   = -0.7182072395E+02
                      Variation =      8.4991985886

   0 FIXED E = -0.7182072395E+02 PRed. =  0.1013029399E+02 ARed. =   0.8499198589E+01

  75 HF Energy at current point =  0.3247739974E+02
     HF Energy at trial point   = -0.7064796589E+02
                      Variation =    103.1253656360

   0 FIXED E = -0.7064796589E+02 PRed. =  0.1018027906E+03 ARed. =   0.1031253656E+03

  76 HF Energy at current point = -0.6157059815E+02
     HF Energy at trial point   = -0.7204746812E+02
                      Variation =     10.4768699746

   0 FIXED E = -0.7204746812E+02 PRed. =  0.1175674381E+02 ARed. =   0.1047686997E+02

  77 HF Energy at current point =  0.3639652313E+02
     HF Energy at trial point   = -0.7033901953E+02
                      Variation =    106.7355426604

   0 FIXED E = -0.7033901953E+02 PRed. =  0.1055121665E+03 ARed. =   0.1067355427E+03

  78 HF Energy at current point = -0.6305965704E+02
     HF Energy at trial point   = -0.7168115493E+02
                      Variation =      8.6214978896

   0 FIXED E = -0.7168115493E+02 PRed. =  0.1052574106E+02 ARed. =   0.8621497890E+01

  79 HF Energy at current point =  0.3072624825E+02
     HF Energy at trial point   = -0.7055662274E+02
                      Variation =    101.2828709858

   0 FIXED E = -0.7055662274E+02 PRed. =  0.1003215388E+03 ARed. =   0.1012828710E+03

  80 HF Energy at current point = -0.6143032679E+02
     HF Energy at trial point   = -0.7199449349E+02
                      Variation =     10.5641667030

   0 FIXED E = -0.7199449349E+02 PRed. =  0.1190733124E+02 ARed. =   0.1056416670E+02

  81 HF Energy at current point =  0.3534387700E+02
     HF Energy at trial point   = -0.7012743334E+02
                      Variation =    105.4713103335

   0 FIXED E = -0.7012743334E+02 PRed. =  0.1050167364E+03 ARed. =   0.1054713103E+03

  82 HF Energy at current point = -0.6264320893E+02
     HF Energy at trial point   = -0.7151006846E+02
                      Variation =      8.8668595314

   0 FIXED E = -0.7151006846E+02 PRed. =  0.1113519757E+02 ARed. =   0.8866859531E+01

  83 HF Energy at current point =  0.2924848571E+02
     HF Energy at trial point   = -0.7045812704E+02
                      Variation =     99.7066127548

   0 FIXED E = -0.7045812704E+02 PRed. =  0.9913019498E+02 ARed. =   0.9970661275E+02

  84 HF Energy at current point = -0.6127240705E+02
     HF Energy at trial point   = -0.7192984518E+02
                      Variation =     10.6574381266

   0 FIXED E = -0.7192984518E+02 PRed. =  0.1210674969E+02 ARed. =   0.1065743813E+02

  85 HF Energy at current point =  0.3455744158E+02
     HF Energy at trial point   = -0.6990106830E+02
                      Variation =    104.4585098881

   0 FIXED E = -0.6990106830E+02 PRed. =  0.1048016785E+03 ARed. =   0.1044585099E+03

  86 HF Energy at current point = -0.6217667461E+02
     HF Energy at trial point   = -0.7137122687E+02
                      Variation =      9.1945522609

   0 FIXED E = -0.7137122687E+02 PRed. =  0.1180909489E+02 ARed. =   0.9194552261E+01

  87 HF Energy at current point =  0.2809439442E+02
     HF Energy at trial point   = -0.7034534941E+02
                      Variation =     98.4397438260

   0 FIXED E = -0.7034534941E+02 PRed. =  0.9827947300E+02 ARed. =   0.9843974383E+02

  88 HF Energy at current point = -0.6107839441E+02
     HF Energy at trial point   = -0.7184728699E+02
                      Variation =     10.7688925784

   0 FIXED E = -0.7184728699E+02 PRed. =  0.1238022386E+02 ARed. =   0.1076889258E+02

  89 HF Energy at current point =  0.3408379044E+02
     HF Energy at trial point   = -0.6968294427E+02
                      Variation =    103.7667347090

   0 FIXED E = -0.6968294427E+02 PRed. =  0.1048520692E+03 ARed. =   0.1037667347E+03

  90 HF Energy at current point = -0.6170660798E+02
     HF Energy at trial point   = -0.7125474703E+02
                      Variation =      9.5481390474

   0 FIXED E = -0.7125474703E+02 PRed. =  0.1248116902E+02 ARed. =   0.9548139047E+01

  91 HF Energy at current point =  0.2726229028E+02
     HF Energy at trial point   = -0.7023277987E+02
                      Variation =     97.4950701493

   0 FIXED E = -0.7023277987E+02 PRed. =  0.9772460140E+02 ARed. =   0.9749507015E+02

  92 HF Energy at current point = -0.6087072860E+02
     HF Energy at trial point   = -0.7175815126E+02
                      Variation =     10.8874226665

   0 FIXED E = -0.7175815126E+02 PRed. =  0.1268573439E+02 ARed. =   0.1088742267E+02

  93 HF Energy at current point =  0.3384610075E+02
     HF Energy at trial point   = -0.6950164178E+02
                      Variation =    103.3477425325

   0 FIXED E = -0.6950164178E+02 PRed. =  0.1050346632E+03 ARed. =   0.1033477425E+03

  94 HF Energy at current point = -0.6130084706E+02
     HF Energy at trial point   = -0.7115931291E+02
                      Variation =      9.8584658499

   0 FIXED E = -0.7115931291E+02 PRed. =  0.1305518731E+02 ARed. =   0.9858465850E+01

  95 HF Energy at current point =  0.2668988199E+02
     HF Energy at trial point   = -0.7013688511E+02
                      Variation =     96.8267671018

   0 FIXED E = -0.7013688511E+02 PRed. =  0.9737186500E+02 ARed. =   0.9682676710E+02

  96 HF Energy at current point = -0.6068350962E+02
     HF Energy at trial point   = -0.7167562789E+02
                      Variation =     10.9921182677

   0 FIXED E = -0.7167562789E+02 PRed. =  0.1296545544E+02 ARed. =   0.1099211827E+02

  97 HF Energy at current point =  0.3368810915E+02
     HF Energy at trial point   = -0.6936579644E+02
                      Variation =    103.0539055902

   0 FIXED E = -0.6936579644E+02 PRed. =  0.1051816837E+03 ARed. =   0.1030539056E+03

  98 HF Energy at current point = -0.6098930394E+02
     HF Energy at trial point   = -0.7106976819E+02
                      Variation =     10.0804642493

   0 FIXED E = -0.7106976819E+02 PRed. =  0.1348688654E+02 ARed. =   0.1008046425E+02

  99 HF Energy at current point =  0.2638958442E+02
     HF Energy at trial point   = -0.7008076494E+02
                      Variation =     96.4703493614

   0 FIXED E = -0.7008076494E+02 PRed. =  0.9718491236E+02 ARed. =   0.9647034936E+02

 100 HF Energy at current point = -0.6058122958E+02
     HF Energy at trial point   = -0.7162718534E+02
                      Variation =     11.0459557663

   0 FIXED E = -0.7162718534E+02 PRed. =  0.1311877637E+02 ARed. =   0.1104595577E+02

------------------------------------------------------------------------

 Convergence achieved in fixed point iteration
 Hartree-Fock Energy at the solution:  0.3338184928E+02

 The solution satisfies de AUFBAU principle! 

------------------------------------------------------------------------

